Epoch: [0][80/108]	Time 11.865 (12.051)	Data 11.240 (11.439)	Loss 0.1107 (0.1720)	ERR 23.971 (28.345)
Epoch: [0][90/108]	Time 11.489 (11.985)	Data 10.873 (11.386)	Loss 0.1120 (0.1664)	ERR 27.555 (28.282)
Epoch: [0][100/108]	Time 11.517 (11.865)	Data 10.901 (11.287)	Loss 0.1072 (0.1609)	ERR 25.859 (27.991)
Training Error: 27.880  Loss: 0.630
Test: [0/4]	Time 0.066 (0.066)	Loss 0.1063 (0.1063)	ERR 25.703 (25.703)
 * ERR 24.728 LOSS 0.105
Saving best parameters...
Epoch: [1][0/108]	Time 0.412 (0.412)	Data 0.246 (0.246)	Loss 0.1062 (0.1062)	ERR 24.676 (24.676)
Epoch: [1][10/108]	Time 0.183 (0.219)	Data 0.015 (0.041)	Loss 0.0929 (0.1025)	ERR 25.014 (24.869)
Epoch: [1][20/108]	Time 0.242 (0.213)	Data 0.014 (0.031)	Loss 0.0961 (0.1026)	ERR 25.532 (25.572)
Epoch: [1][30/108]	Time 0.183 (0.207)	Data 0.017 (0.028)	Loss 0.1108 (0.1035)	ERR 28.031 (26.091)
Epoch: [1][40/108]	Time 0.191 (0.206)	Data 0.014 (0.026)	Loss 0.0862 (0.1012)	ERR 24.186 (25.852)
Epoch: [1][50/108]	Time 0.191 (0.204)	Data 0.015 (0.025)	Loss 0.1073 (0.1010)	ERR 26.993 (25.863)
Epoch: [1][60/108]	Time 0.201 (0.205)	Data 0.014 (0.024)	Loss 0.0943 (0.1009)	ERR 26.154 (26.047)
Epoch: [1][70/108]	Time 0.194 (0.205)	Data 0.013 (0.023)	Loss 0.0822 (0.0990)	ERR 24.986 (25.800)
Epoch: [1][80/108]	Time 0.188 (0.205)	Data 0.014 (0.023)	Loss 0.0756 (0.0981)	ERR 23.934 (25.702)
Epoch: [1][90/108]	Time 0.215 (0.205)	Data 0.014 (0.023)	Loss 0.0798 (0.0969)	ERR 24.165 (25.572)
Epoch: [1][100/108]	Time 0.241 (0.204)	Data 0.020 (0.022)	Loss 0.1159 (0.0960)	ERR 27.827 (25.510)
Training Error: 25.522  Loss: 0.382
Test: [0/4]	Time 0.068 (0.068)	Loss 0.0769 (0.0769)	ERR 21.590 (21.590)
 * ERR 23.192 LOSS 0.084
Saving best parameters...
Epoch: [2][0/108]	Time 0.195 (0.195)	Data 0.047 (0.047)	Loss 0.0732 (0.0732)	ERR 21.480 (21.480)
Epoch: [2][10/108]	Time 0.204 (0.201)	Data 0.014 (0.022)	Loss 0.0980 (0.0920)	ERR 24.240 (24.643)
Epoch: [2][20/108]	Time 0.196 (0.200)	Data 0.014 (0.021)	Loss 0.0880 (0.0891)	ERR 25.333 (24.620)
Epoch: [2][30/108]	Time 0.196 (0.203)	Data 0.013 (0.020)	Loss 0.0855 (0.0888)	ERR 25.035 (24.947)
Epoch: [2][40/108]	Time 0.199 (0.209)	Data 0.014 (0.020)	Loss 0.0740 (0.0875)	ERR 23.128 (24.928)
Epoch: [2][50/108]	Time 0.191 (0.206)	Data 0.014 (0.020)	Loss 0.0793 (0.0868)	ERR 25.411 (24.951)
Epoch: [2][60/108]	Time 0.199 (0.207)	Data 0.013 (0.020)	Loss 0.0922 (0.0868)	ERR 26.236 (25.033)
Epoch: [2][70/108]	Time 0.199 (0.207)	Data 0.017 (0.020)	Loss 0.0697 (0.0862)	ERR 22.979 (25.012)
Epoch: [2][80/108]	Time 0.197 (0.208)	Data 0.015 (0.020)	Loss 0.0881 (0.0858)	ERR 22.598 (25.015)
Epoch: [2][90/108]	Time 0.195 (0.208)	Data 0.014 (0.020)	Loss 0.0796 (0.0851)	ERR 25.614 (24.982)
Epoch: [2][100/108]	Time 0.323 (0.210)	Data 0.014 (0.020)	Loss 0.0837 (0.0850)	ERR 26.940 (25.066)
Training Error: 25.009  Loss: 0.338
Test: [0/4]	Time 0.068 (0.068)	Loss 0.0879 (0.0879)	ERR 25.513 (25.513)
 * ERR 23.702 LOSS 0.079
Epoch: [3][0/108]	Time 0.205 (0.205)	Data 0.033 (0.033)	Loss 0.0765 (0.0765)	ERR 25.204 (25.204)
Epoch: [3][10/108]	Time 0.189 (0.201)	Data 0.015 (0.021)	Loss 0.0747 (0.0810)	ERR 23.727 (24.955)
Epoch: [3][20/108]	Time 0.196 (0.201)	Data 0.014 (0.021)	Loss 0.0732 (0.0810)	ERR 24.052 (24.740)
Epoch: [3][30/108]	Time 0.200 (0.201)	Data 0.013 (0.020)	Loss 0.0788 (0.0790)	ERR 24.883 (24.428)
Epoch: [3][40/108]	Time 0.191 (0.203)	Data 0.014 (0.020)	Loss 0.0814 (0.0791)	ERR 23.649 (24.491)
Epoch: [3][50/108]	Time 0.245 (0.203)	Data 0.016 (0.020)	Loss 0.0732 (0.0787)	ERR 24.179 (24.484)
Epoch: [3][60/108]	Time 0.240 (0.204)	Data 0.014 (0.020)	Loss 0.0716 (0.0788)	ERR 23.720 (24.421)
Epoch: [3][70/108]	Time 0.202 (0.205)	Data 0.014 (0.020)	Loss 0.0895 (0.0795)	ERR 25.618 (24.566)
Epoch: [3][80/108]	Time 0.209 (0.206)	Data 0.015 (0.020)	Loss 0.0753 (0.0795)	ERR 23.780 (24.630)
Epoch: [3][90/108]	Time 0.203 (0.207)	Data 0.015 (0.020)	Loss 0.0797 (0.0799)	ERR 24.650 (24.642)
Epoch: [3][100/108]	Time 0.202 (0.206)	Data 0.014 (0.020)	Loss 0.0839 (0.0798)	ERR 24.340 (24.623)
Training Error: 24.615  Loss: 0.318
Test: [0/4]	Time 0.067 (0.067)	Loss 0.0668 (0.0668)	ERR 22.285 (22.285)
 * ERR 23.261 LOSS 0.071
Epoch: [4][0/108]	Time 0.219 (0.219)	Data 0.048 (0.048)	Loss 0.0785 (0.0785)	ERR 26.866 (26.866)
Epoch: [4][10/108]	Time 0.198 (0.198)	Data 0.014 (0.023)	Loss 0.0697 (0.0756)	ERR 21.984 (24.557)
Epoch: [4][20/108]	Time 0.202 (0.199)	Data 0.014 (0.021)	Loss 0.0798 (0.0756)	ERR 25.686 (24.416)
Epoch: [4][30/108]	Time 0.249 (0.199)	Data 0.015 (0.021)	Loss 0.0927 (0.0746)	ERR 26.818 (24.114)
Epoch: [4][40/108]	Time 0.195 (0.200)	Data 0.014 (0.021)	Loss 0.0745 (0.0741)	ERR 25.266 (24.372)
Epoch: [4][50/108]	Time 0.189 (0.202)	Data 0.014 (0.020)	Loss 0.0809 (0.0741)	ERR 26.540 (24.347)
Epoch: [4][60/108]	Time 0.289 (0.205)	Data 0.017 (0.020)	Loss 0.0864 (0.0738)	ERR 26.781 (24.232)
Epoch: [4][70/108]	Time 0.202 (0.205)	Data 0.013 (0.021)	Loss 0.0842 (0.0740)	ERR 24.972 (24.363)
Epoch: [4][80/108]	Time 0.206 (0.204)	Data 0.015 (0.020)	Loss 0.0818 (0.0744)	ERR 24.795 (24.370)
Epoch: [4][90/108]	Time 0.186 (0.204)	Data 0.015 (0.020)	Loss 0.0663 (0.0746)	ERR 22.316 (24.282)
Epoch: [4][100/108]	Time 0.297 (0.205)	Data 0.014 (0.020)	Loss 0.0689 (0.0749)	ERR 25.318 (24.335)
Training Error: 24.362  Loss: 0.300
Test: [0/4]	Time 0.068 (0.068)	Loss 0.0707 (0.0707)	ERR 21.701 (21.701)
 * ERR 22.687 LOSS 0.073
Saving best parameters...
Epoch: [5][0/108]	Time 0.216 (0.216)	Data 0.043 (0.043)	Loss 0.0727 (0.0727)	ERR 23.505 (23.505)
Epoch: [5][10/108]	Time 0.236 (0.223)	Data 0.015 (0.022)	Loss 0.0692 (0.0735)	ERR 23.801 (23.942)
Epoch: [5][20/108]	Time 0.188 (0.217)	Data 0.015 (0.021)	Loss 0.0655 (0.0730)	ERR 22.557 (24.056)
Epoch: [5][30/108]	Time 0.207 (0.212)	Data 0.019 (0.021)	Loss 0.0873 (0.0745)	ERR 26.284 (24.271)
Epoch: [5][40/108]	Time 0.203 (0.210)	Data 0.019 (0.021)	Loss 0.0694 (0.0734)	ERR 24.130 (24.211)
Epoch: [5][50/108]	Time 0.203 (0.210)	Data 0.015 (0.021)	Loss 0.1020 (0.0734)	ERR 27.624 (24.279)
Epoch: [5][60/108]	Time 0.198 (0.210)	Data 0.019 (0.021)	Loss 0.0755 (0.0729)	ERR 24.592 (24.158)
Epoch: [5][70/108]	Time 0.201 (0.214)	Data 0.014 (0.021)	Loss 0.0737 (0.0724)	ERR 24.080 (24.127)
Epoch: [5][80/108]	Time 0.213 (0.213)	Data 0.018 (0.021)	Loss 0.0995 (0.0727)	ERR 28.080 (24.105)
Epoch: [5][90/108]	Time 0.197 (0.213)	Data 0.015 (0.021)	Loss 0.0677 (0.0723)	ERR 22.115 (24.155)
Epoch: [5][100/108]	Time 0.196 (0.213)	Data 0.014 (0.021)	Loss 0.0798 (0.0724)	ERR 24.572 (24.125)
Training Error: 24.151  Loss: 0.289
Test: [0/4]	Time 0.064 (0.064)	Loss 0.0634 (0.0634)	ERR 23.211 (23.211)
 * ERR 23.258 LOSS 0.068
Epoch: [6][0/108]	Time 0.259 (0.259)	Data 0.051 (0.051)	Loss 0.0658 (0.0658)	ERR 23.322 (23.322)
Epoch: [6][10/108]	Time 0.243 (0.214)	Data 0.014 (0.024)	Loss 0.0680 (0.0710)	ERR 22.202 (24.410)
Epoch: [6][20/108]	Time 0.201 (0.207)	Data 0.016 (0.022)	Loss 0.0711 (0.0713)	ERR 23.041 (24.164)
Epoch: [6][30/108]	Time 0.200 (0.207)	Data 0.015 (0.021)	Loss 0.0679 (0.0707)	ERR 23.455 (23.962)
Epoch: [6][40/108]	Time 0.197 (0.212)	Data 0.016 (0.021)	Loss 0.0652 (0.0709)	ERR 23.672 (23.991)
Epoch: [6][50/108]	Time 0.231 (0.212)	Data 0.015 (0.021)	Loss 0.0706 (0.0714)	ERR 24.277 (24.110)
Epoch: [6][60/108]	Time 0.241 (0.213)	Data 0.015 (0.021)	Loss 0.0752 (0.0711)	ERR 25.256 (24.011)
Epoch: [6][70/108]	Time 0.224 (0.213)	Data 0.015 (0.021)	Loss 0.0572 (0.0708)	ERR 21.613 (23.955)
Epoch: [6][80/108]	Time 0.247 (0.215)	Data 0.015 (0.021)	Loss 0.0910 (0.0707)	ERR 26.348 (23.908)
Epoch: [6][90/108]	Time 0.231 (0.214)	Data 0.017 (0.021)	Loss 0.0681 (0.0711)	ERR 23.470 (24.019)
Epoch: [6][100/108]	Time 0.202 (0.214)	Data 0.016 (0.021)	Loss 0.0574 (0.0708)	ERR 23.410 (24.038)
Training Error: 24.010  Loss: 0.283
Test: [0/4]	Time 0.068 (0.068)	Loss 0.0600 (0.0600)	ERR 23.065 (23.065)
 * ERR 23.276 LOSS 0.066
Epoch: [7][0/108]	Time 0.417 (0.417)	Data 0.262 (0.262)	Loss 0.0628 (0.0628)	ERR 22.710 (22.710)
Epoch: [7][10/108]	Time 0.213 (0.219)	Data 0.015 (0.043)	Loss 0.0625 (0.0690)	ERR 20.498 (23.262)
Epoch: [7][20/108]	Time 0.195 (0.211)	Data 0.015 (0.032)	Loss 0.0885 (0.0703)	ERR 24.353 (23.442)
Epoch: [7][30/108]	Time 0.190 (0.211)	Data 0.015 (0.028)	Loss 0.0673 (0.0728)	ERR 21.942 (23.783)
Epoch: [7][40/108]	Time 0.224 (0.209)	Data 0.015 (0.026)	Loss 0.0743 (0.0720)	ERR 24.925 (23.856)
Epoch: [7][50/108]	Time 0.220 (0.212)	Data 0.014 (0.025)	Loss 0.0606 (0.0711)	ERR 22.401 (23.838)
Epoch: [7][60/108]	Time 0.195 (0.211)	Data 0.015 (0.025)	Loss 0.0694 (0.0705)	ERR 22.822 (23.783)
Epoch: [7][70/108]	Time 0.182 (0.211)	Data 0.014 (0.024)	Loss 0.0838 (0.0709)	ERR 25.282 (23.908)
Epoch: [7][80/108]	Time 0.214 (0.212)	Data 0.016 (0.023)	Loss 0.0726 (0.0707)	ERR 26.523 (23.936)
Epoch: [7][90/108]	Time 0.196 (0.213)	Data 0.014 (0.023)	Loss 0.0662 (0.0705)	ERR 22.810 (23.920)
Epoch: [7][100/108]	Time 0.193 (0.213)	Data 0.014 (0.023)	Loss 0.0584 (0.0704)	ERR 23.288 (23.848)
Training Error: 23.870  Loss: 0.284
Test: [0/4]	Time 0.064 (0.064)	Loss 0.0632 (0.0632)	ERR 23.318 (23.318)
 * ERR 25.136 LOSS 0.070
Epoch: [8][0/108]	Time 0.191 (0.191)	Data 0.036 (0.036)	Loss 0.0796 (0.0796)	ERR 26.160 (26.160)
Epoch: [8][10/108]	Time 0.201 (0.198)	Data 0.015 (0.022)	Loss 0.0597 (0.0692)	ERR 22.045 (24.663)
Epoch: [8][20/108]	Time 0.211 (0.203)	Data 0.018 (0.021)	Loss 0.0560 (0.0684)	ERR 21.901 (24.680)
Epoch: [8][30/108]	Time 0.183 (0.202)	Data 0.015 (0.021)	Loss 0.0829 (0.0696)	ERR 27.186 (24.522)
Epoch: [8][40/108]	Time 0.197 (0.206)	Data 0.015 (0.021)	Loss 0.0624 (0.0700)	ERR 24.378 (24.312)
Epoch: [8][50/108]	Time 0.268 (0.208)	Data 0.014 (0.020)	Loss 0.0787 (0.0698)	ERR 24.758 (24.381)
Epoch: [8][60/108]	Time 0.216 (0.208)	Data 0.015 (0.021)	Loss 0.0563 (0.0691)	ERR 20.285 (24.236)
Epoch: [8][70/108]	Time 0.201 (0.207)	Data 0.015 (0.020)	Loss 0.0732 (0.0694)	ERR 24.249 (24.230)
Epoch: [8][80/108]	Time 0.206 (0.209)	Data 0.015 (0.020)	Loss 0.0665 (0.0695)	ERR 24.365 (24.220)
Epoch: [8][90/108]	Time 0.182 (0.209)	Data 0.015 (0.020)	Loss 0.0645 (0.0695)	ERR 23.582 (24.173)
Epoch: [8][100/108]	Time 0.213 (0.208)	Data 0.015 (0.020)	Loss 0.0704 (0.0693)	ERR 24.747 (24.096)
Training Error: 24.056  Loss: 0.276
Test: [0/4]	Time 0.075 (0.075)	Loss 0.0700 (0.0700)	ERR 21.221 (21.221)
 * ERR 22.509 LOSS 0.070
Saving best parameters...
Epoch: [9][0/108]	Time 0.335 (0.335)	Data 0.038 (0.038)	Loss 0.0588 (0.0588)	ERR 21.795 (21.795)
Epoch: [9][10/108]	Time 0.207 (0.231)	Data 0.014 (0.023)	Loss 0.0648 (0.0703)	ERR 26.278 (25.464)
Epoch: [9][20/108]	Time 0.190 (0.219)	Data 0.015 (0.022)	Loss 0.0668 (0.0698)	ERR 25.117 (24.738)
Epoch: [9][30/108]	Time 0.203 (0.218)	Data 0.014 (0.021)	Loss 0.0619 (0.0687)	ERR 21.536 (24.214)
Epoch: [9][40/108]	Time 0.208 (0.216)	Data 0.014 (0.021)	Loss 0.0559 (0.0678)	ERR 21.104 (24.138)
Epoch: [9][50/108]	Time 0.214 (0.214)	Data 0.014 (0.021)	Loss 0.0638 (0.0675)	ERR 24.188 (23.929)
Epoch: [9][60/108]	Time 0.221 (0.214)	Data 0.014 (0.021)	Loss 0.0621 (0.0671)	ERR 23.742 (23.803)
Epoch: [9][70/108]	Time 0.252 (0.213)	Data 0.015 (0.021)	Loss 0.0694 (0.0679)	ERR 24.494 (23.960)
Epoch: [9][80/108]	Time 0.197 (0.211)	Data 0.015 (0.021)	Loss 0.0595 (0.0674)	ERR 22.923 (23.879)
Epoch: [9][90/108]	Time 0.283 (0.212)	Data 0.014 (0.021)	Loss 0.0632 (0.0671)	ERR 21.807 (23.858)
Epoch: [9][100/108]	Time 0.205 (0.211)	Data 0.014 (0.021)	Loss 0.0718 (0.0668)	ERR 23.501 (23.733)
Training Error: 23.822  Loss: 0.270
Test: [0/4]	Time 0.064 (0.064)	Loss 0.0709 (0.0709)	ERR 25.738 (25.738)
 * ERR 24.833 LOSS 0.065
Epoch: [10][0/108]	Time 0.200 (0.200)	Data 0.037 (0.037)	Loss 0.0708 (0.0708)	ERR 25.004 (25.004)
Epoch: [10][10/108]	Time 0.199 (0.205)	Data 0.014 (0.022)	Loss 0.0619 (0.0673)	ERR 23.461 (23.287)
Epoch: [10][20/108]	Time 0.212 (0.202)	Data 0.015 (0.021)	Loss 0.0587 (0.0667)	ERR 22.078 (23.071)
Epoch: [10][30/108]	Time 0.216 (0.208)	Data 0.014 (0.021)	Loss 0.0602 (0.0680)	ERR 24.514 (23.537)
Epoch: [10][40/108]	Time 0.215 (0.210)	Data 0.018 (0.021)	Loss 0.0612 (0.0675)	ERR 22.195 (23.477)
Epoch: [10][50/108]	Time 0.188 (0.211)	Data 0.015 (0.021)	Loss 0.0552 (0.0668)	ERR 21.372 (23.485)
Epoch: [10][60/108]	Time 0.195 (0.210)	Data 0.015 (0.021)	Loss 0.0761 (0.0670)	ERR 26.578 (23.579)
Epoch: [10][70/108]	Time 0.200 (0.209)	Data 0.014 (0.021)	Loss 0.0721 (0.0665)	ERR 23.828 (23.438)
Epoch: [10][80/108]	Time 0.342 (0.212)	Data 0.015 (0.021)	Loss 0.0636 (0.0667)	ERR 23.949 (23.539)
Epoch: [10][90/108]	Time 0.205 (0.211)	Data 0.018 (0.021)	Loss 0.0713 (0.0663)	ERR 23.095 (23.446)
Epoch: [10][100/108]	Time 0.212 (0.213)	Data 0.014 (0.021)	Loss 0.0810 (0.0668)	ERR 25.345 (23.519)
Training Error: 23.605  Loss: 0.269
Test: [0/4]	Time 0.063 (0.063)	Loss 0.0581 (0.0581)	ERR 23.503 (23.503)
 * ERR 22.917 LOSS 0.063
Epoch: [11][0/108]	Time 0.282 (0.282)	Data 0.044 (0.044)	Loss 0.0686 (0.0686)	ERR 24.077 (24.077)
Epoch: [11][10/108]	Time 0.201 (0.224)	Data 0.015 (0.023)	Loss 0.0675 (0.0666)	ERR 25.702 (23.369)
Epoch: [11][20/108]	Time 0.191 (0.213)	Data 0.015 (0.021)	Loss 0.0485 (0.0644)	ERR 19.706 (23.171)
Epoch: [11][30/108]	Time 0.221 (0.211)	Data 0.018 (0.021)	Loss 0.0614 (0.0650)	ERR 23.959 (23.404)
Epoch: [11][40/108]	Time 0.211 (0.213)	Data 0.014 (0.021)	Loss 0.0583 (0.0646)	ERR 22.275 (23.416)
Epoch: [11][50/108]	Time 0.189 (0.211)	Data 0.015 (0.021)	Loss 0.0791 (0.0653)	ERR 21.677 (23.288)
Epoch: [11][60/108]	Time 0.227 (0.210)	Data 0.018 (0.021)	Loss 0.0793 (0.0653)	ERR 25.819 (23.364)
Epoch: [11][70/108]	Time 0.195 (0.212)	Data 0.014 (0.021)	Loss 0.0625 (0.0658)	ERR 24.551 (23.443)
Epoch: [11][80/108]	Time 0.220 (0.211)	Data 0.019 (0.021)	Loss 0.0808 (0.0656)	ERR 25.722 (23.444)
Epoch: [11][90/108]	Time 0.212 (0.210)	Data 0.015 (0.021)	Loss 0.0600 (0.0654)	ERR 24.727 (23.467)
Epoch: [11][100/108]	Time 0.187 (0.210)	Data 0.015 (0.021)	Loss 0.0770 (0.0660)	ERR 22.522 (23.547)
Training Error: 23.562  Loss: 0.263
Test: [0/4]	Time 0.082 (0.082)	Loss 0.0579 (0.0579)	ERR 22.153 (22.153)
 * ERR 23.137 LOSS 0.061
Epoch: [12][0/108]	Time 0.217 (0.217)	Data 0.037 (0.037)	Loss 0.0600 (0.0600)	ERR 23.859 (23.859)
Epoch: [12][10/108]	Time 0.206 (0.207)	Data 0.021 (0.023)	Loss 0.0607 (0.0609)	ERR 21.685 (22.800)
Epoch: [12][20/108]	Time 0.224 (0.213)	Data 0.014 (0.021)	Loss 0.0617 (0.0613)	ERR 22.037 (22.917)
Epoch: [12][30/108]	Time 0.222 (0.214)	Data 0.015 (0.021)	Loss 0.0628 (0.0634)	ERR 23.621 (23.195)
Epoch: [12][40/108]	Time 0.191 (0.216)	Data 0.014 (0.021)	Loss 0.0696 (0.0647)	ERR 24.719 (23.422)
Epoch: [12][50/108]	Time 0.193 (0.213)	Data 0.015 (0.021)	Loss 0.0634 (0.0643)	ERR 22.850 (23.421)
Epoch: [12][60/108]	Time 0.202 (0.211)	Data 0.015 (0.021)	Loss 0.0651 (0.0644)	ERR 21.940 (23.322)
Epoch: [12][70/108]	Time 0.191 (0.209)	Data 0.018 (0.021)	Loss 0.0580 (0.0641)	ERR 21.158 (23.209)
Epoch: [12][80/108]	Time 0.233 (0.209)	Data 0.015 (0.021)	Loss 0.0675 (0.0639)	ERR 22.875 (23.165)
Epoch: [12][90/108]	Time 0.211 (0.209)	Data 0.017 (0.021)	Loss 0.0682 (0.0642)	ERR 21.952 (23.222)
Epoch: [12][100/108]	Time 0.205 (0.209)	Data 0.015 (0.021)	Loss 0.0706 (0.0646)	ERR 24.723 (23.306)
Training Error: 23.308  Loss: 0.258
Test: [0/4]	Time 0.064 (0.064)	Loss 0.0721 (0.0721)	ERR 23.990 (23.990)
 * ERR 22.175 LOSS 0.060
Saving best parameters...
Epoch: [13][0/108]	Time 0.188 (0.188)	Data 0.036 (0.036)	Loss 0.0982 (0.0982)	ERR 21.929 (21.929)
Epoch: [13][10/108]	Time 0.204 (0.202)	Data 0.019 (0.022)	Loss 0.0843 (0.0690)	ERR 25.932 (24.069)
Epoch: [13][20/108]	Time 0.202 (0.217)	Data 0.015 (0.023)	Loss 0.0634 (0.0666)	ERR 23.388 (23.744)
Epoch: [13][30/108]	Time 0.212 (0.214)	Data 0.015 (0.022)	Loss 0.0576 (0.0645)	ERR 23.378 (23.494)
Epoch: [13][40/108]	Time 0.202 (0.217)	Data 0.014 (0.022)	Loss 0.0591 (0.0645)	ERR 21.501 (23.460)
Epoch: [13][50/108]	Time 0.223 (0.214)	Data 0.014 (0.021)	Loss 0.0718 (0.0644)	ERR 23.733 (23.424)
Epoch: [13][60/108]	Time 0.210 (0.217)	Data 0.014 (0.021)	Loss 0.0691 (0.0641)	ERR 24.075 (23.387)
Epoch: [13][70/108]	Time 0.195 (0.216)	Data 0.014 (0.021)	Loss 0.0523 (0.0646)	ERR 21.371 (23.461)
Epoch: [13][80/108]	Time 0.198 (0.217)	Data 0.014 (0.021)	Loss 0.0669 (0.0641)	ERR 23.472 (23.419)
Epoch: [13][90/108]	Time 0.204 (0.217)	Data 0.014 (0.021)	Loss 0.0523 (0.0640)	ERR 23.620 (23.403)
Epoch: [13][100/108]	Time 0.202 (0.216)	Data 0.016 (0.021)	Loss 0.0780 (0.0642)	ERR 26.078 (23.470)
Training Error: 23.420  Loss: 0.256
Test: [0/4]	Time 0.068 (0.068)	Loss 0.0547 (0.0547)	ERR 21.345 (21.345)
 * ERR 21.832 LOSS 0.061
Saving best parameters...
Epoch: [14][0/108]	Time 0.414 (0.414)	Data 0.256 (0.256)	Loss 0.0697 (0.0697)	ERR 24.724 (24.724)
Epoch: [14][10/108]	Time 0.208 (0.228)	Data 0.016 (0.043)	Loss 0.0549 (0.0662)	ERR 21.051 (23.818)
Epoch: [14][20/108]	Time 0.197 (0.217)	Data 0.015 (0.032)	Loss 0.0646 (0.0646)	ERR 22.187 (23.150)
Epoch: [14][30/108]	Time 0.195 (0.218)	Data 0.015 (0.028)	Loss 0.0520 (0.0638)	ERR 20.633 (23.099)
Epoch: [14][40/108]	Time 0.194 (0.216)	Data 0.015 (0.026)	Loss 0.0510 (0.0627)	ERR 20.897 (22.933)
Epoch: [14][50/108]	Time 0.202 (0.214)	Data 0.014 (0.025)	Loss 0.0611 (0.0625)	ERR 22.421 (23.089)
Epoch: [14][60/108]	Time 0.200 (0.213)	Data 0.018 (0.024)	Loss 0.0640 (0.0620)	ERR 24.918 (23.059)
Epoch: [14][70/108]	Time 0.212 (0.213)	Data 0.016 (0.024)	Loss 0.0540 (0.0624)	ERR 23.579 (23.085)
Epoch: [14][80/108]	Time 0.205 (0.214)	Data 0.015 (0.023)	Loss 0.0680 (0.0625)	ERR 25.646 (23.092)
Epoch: [14][90/108]	Time 0.234 (0.214)	Data 0.015 (0.023)	Loss 0.0653 (0.0625)	ERR 23.972 (23.132)
Epoch: [14][100/108]	Time 0.190 (0.213)	Data 0.015 (0.023)	Loss 0.0672 (0.0624)	ERR 24.156 (23.085)
Training Error: 23.114  Loss: 0.252
Test: [0/4]	Time 0.067 (0.067)	Loss 0.0702 (0.0702)	ERR 23.417 (23.417)
 * ERR 22.131 LOSS 0.059
Epoch: [15][0/108]	Time 0.205 (0.205)	Data 0.037 (0.037)	Loss 0.0663 (0.0663)	ERR 24.410 (24.410)
Epoch: [15][10/108]	Time 0.195 (0.203)	Data 0.015 (0.021)	Loss 0.0710 (0.0636)	ERR 24.537 (23.461)
Epoch: [15][20/108]	Time 0.189 (0.203)	Data 0.014 (0.021)	Loss 0.0612 (0.0625)	ERR 23.640 (23.208)
Epoch: [15][30/108]	Time 0.211 (0.205)	Data 0.016 (0.021)	Loss 0.0580 (0.0624)	ERR 23.910 (23.329)
Epoch: [15][40/108]	Time 0.212 (0.209)	Data 0.015 (0.020)	Loss 0.0717 (0.0633)	ERR 24.915 (23.226)
Epoch: [15][50/108]	Time 0.225 (0.208)	Data 0.015 (0.020)	Loss 0.0772 (0.0635)	ERR 25.574 (23.279)
Epoch: [15][60/108]	Time 0.201 (0.210)	Data 0.015 (0.021)	Loss 0.0581 (0.0633)	ERR 21.736 (23.379)
Epoch: [15][70/108]	Time 0.224 (0.211)	Data 0.015 (0.020)	Loss 0.0637 (0.0629)	ERR 23.307 (23.314)
Epoch: [15][80/108]	Time 0.200 (0.213)	Data 0.013 (0.020)	Loss 0.0570 (0.0629)	ERR 21.788 (23.232)
Epoch: [15][90/108]	Time 0.194 (0.212)	Data 0.015 (0.020)	Loss 0.0634 (0.0630)	ERR 22.301 (23.191)
Epoch: [15][100/108]	Time 0.196 (0.214)	Data 0.017 (0.020)	Loss 0.0597 (0.0628)	ERR 21.429 (23.173)
Training Error: 23.159  Loss: 0.251
Test: [0/4]	Time 0.066 (0.066)	Loss 0.0603 (0.0603)	ERR 22.924 (22.924)
 * ERR 22.422 LOSS 0.057
Epoch: [16][0/108]	Time 0.200 (0.200)	Data 0.041 (0.041)	Loss 0.0655 (0.0655)	ERR 24.694 (24.694)
Epoch: [16][10/108]	Time 0.190 (0.211)	Data 0.014 (0.022)	Loss 0.0591 (0.0654)	ERR 25.488 (24.322)
Epoch: [16][20/108]	Time 0.256 (0.212)	Data 0.015 (0.021)	Loss 0.0717 (0.0668)	ERR 24.308 (23.935)
Epoch: [16][30/108]	Time 0.185 (0.211)	Data 0.015 (0.021)	Loss 0.0563 (0.0656)	ERR 22.019 (23.665)
Epoch: [16][40/108]	Time 0.213 (0.209)	Data 0.014 (0.021)	Loss 0.0561 (0.0643)	ERR 22.564 (23.417)
Epoch: [16][50/108]	Time 0.191 (0.211)	Data 0.013 (0.021)	Loss 0.0456 (0.0635)	ERR 19.643 (23.293)
Epoch: [16][60/108]	Time 0.195 (0.211)	Data 0.015 (0.021)	Loss 0.0576 (0.0625)	ERR 21.850 (23.082)
Epoch: [16][70/108]	Time 0.208 (0.211)	Data 0.015 (0.021)	Loss 0.0623 (0.0623)	ERR 22.568 (22.996)
Epoch: [16][80/108]	Time 0.206 (0.211)	Data 0.015 (0.021)	Loss 0.0458 (0.0620)	ERR 18.215 (22.994)
Epoch: [16][90/108]	Time 0.199 (0.210)	Data 0.015 (0.021)	Loss 0.0452 (0.0618)	ERR 21.070 (22.935)
Epoch: [16][100/108]	Time 0.206 (0.209)	Data 0.015 (0.021)	Loss 0.0633 (0.0615)	ERR 22.350 (22.874)
Training Error: 22.944  Loss: 0.246
Test: [0/4]	Time 0.063 (0.063)	Loss 0.0451 (0.0451)	ERR 20.591 (20.591)
 * ERR 23.487 LOSS 0.059
Epoch: [17][0/108]	Time 0.189 (0.189)	Data 0.037 (0.037)	Loss 0.0477 (0.0477)	ERR 21.796 (21.796)
Epoch: [17][10/108]	Time 0.235 (0.222)	Data 0.015 (0.021)	Loss 0.0653 (0.0596)	ERR 23.121 (22.858)
Epoch: [17][20/108]	Time 0.214 (0.215)	Data 0.015 (0.021)	Loss 0.0561 (0.0607)	ERR 22.575 (23.151)
Epoch: [17][30/108]	Time 0.348 (0.215)	Data 0.016 (0.021)	Loss 0.0751 (0.0606)	ERR 24.861 (22.989)
Epoch: [17][40/108]	Time 0.203 (0.213)	Data 0.014 (0.021)	Loss 0.0608 (0.0614)	ERR 23.391 (23.064)
Epoch: [17][50/108]	Time 0.206 (0.217)	Data 0.015 (0.021)	Loss 0.0704 (0.0622)	ERR 23.939 (23.054)
Epoch: [17][60/108]	Time 0.188 (0.215)	Data 0.015 (0.021)	Loss 0.0707 (0.0629)	ERR 24.077 (23.130)
Epoch: [17][70/108]	Time 0.245 (0.215)	Data 0.015 (0.021)	Loss 0.0659 (0.0630)	ERR 24.821 (23.145)
Epoch: [17][80/108]	Time 0.206 (0.214)	Data 0.018 (0.021)	Loss 0.0512 (0.0629)	ERR 21.461 (23.114)
Epoch: [17][90/108]	Time 0.210 (0.214)	Data 0.014 (0.020)	Loss 0.0491 (0.0622)	ERR 21.734 (22.978)
Epoch: [17][100/108]	Time 0.193 (0.214)	Data 0.015 (0.020)	Loss 0.0560 (0.0618)	ERR 20.664 (22.949)
Training Error: 22.883  Loss: 0.247
Test: [0/4]	Time 0.064 (0.064)	Loss 0.0594 (0.0594)	ERR 23.028 (23.028)
 * ERR 22.213 LOSS 0.059
Epoch: [18][0/108]	Time 0.244 (0.244)	Data 0.037 (0.037)	Loss 0.0649 (0.0649)	ERR 23.937 (23.937)
Epoch: [18][10/108]	Time 0.192 (0.209)	Data 0.015 (0.023)	Loss 0.0663 (0.0668)	ERR 22.800 (22.987)
Epoch: [18][20/108]	Time 0.359 (0.216)	Data 0.015 (0.022)	Loss 0.0611 (0.0629)	ERR 21.161 (22.879)
Epoch: [18][30/108]	Time 0.198 (0.219)	Data 0.013 (0.021)	Loss 0.0567 (0.0620)	ERR 23.765 (22.861)
Epoch: [18][40/108]	Time 0.195 (0.215)	Data 0.016 (0.021)	Loss 0.0733 (0.0615)	ERR 25.499 (22.732)
Epoch: [18][50/108]	Time 0.219 (0.212)	Data 0.016 (0.021)	Loss 0.0491 (0.0613)	ERR 21.131 (22.699)
Epoch: [18][60/108]	Time 0.192 (0.212)	Data 0.015 (0.021)	Loss 0.0574 (0.0611)	ERR 22.813 (22.665)
Epoch: [18][70/108]	Time 0.195 (0.211)	Data 0.014 (0.021)	Loss 0.0629 (0.0611)	ERR 24.214 (22.722)
Epoch: [18][80/108]	Time 0.248 (0.214)	Data 0.015 (0.021)	Loss 0.0584 (0.0610)	ERR 21.113 (22.775)
Epoch: [18][90/108]	Time 0.209 (0.214)	Data 0.018 (0.021)	Loss 0.0734 (0.0610)	ERR 24.181 (22.778)
Epoch: [18][100/108]	Time 0.204 (0.213)	Data 0.015 (0.021)	Loss 0.0668 (0.0609)	ERR 26.074 (22.791)
Training Error: 22.883  Loss: 0.244
Test: [0/4]	Time 0.066 (0.066)	Loss 0.0646 (0.0646)	ERR 23.827 (23.827)
 * ERR 23.658 LOSS 0.060
Epoch: [19][0/108]	Time 0.203 (0.203)	Data 0.051 (0.051)	Loss 0.0535 (0.0535)	ERR 22.039 (22.039)
Epoch: [19][10/108]	Time 0.201 (0.232)	Data 0.013 (0.023)	Loss 0.0680 (0.0616)	ERR 25.501 (22.950)
Epoch: [19][20/108]	Time 0.247 (0.228)	Data 0.015 (0.021)	Loss 0.0636 (0.0591)	ERR 22.462 (22.662)
Epoch: [19][30/108]	Time 0.200 (0.233)	Data 0.015 (0.021)	Loss 0.0667 (0.0604)	ERR 21.825 (23.044)
Epoch: [19][40/108]	Time 0.218 (0.229)	Data 0.014 (0.021)	Loss 0.0483 (0.0598)	ERR 21.247 (22.760)
Epoch: [19][50/108]	Time 0.197 (0.224)	Data 0.014 (0.021)	Loss 0.0623 (0.0594)	ERR 23.032 (22.613)
Epoch: [19][60/108]	Time 0.202 (0.222)	Data 0.014 (0.021)	Loss 0.0947 (0.0602)	ERR 22.299 (22.586)
Epoch: [19][70/108]	Time 0.195 (0.222)	Data 0.016 (0.021)	Loss 0.0645 (0.0601)	ERR 21.337 (22.586)
Epoch: [19][80/108]	Time 0.233 (0.223)	Data 0.017 (0.021)	Loss 0.0647 (0.0600)	ERR 22.585 (22.602)
Epoch: [19][90/108]	Time 0.196 (0.221)	Data 0.018 (0.021)	Loss 0.0649 (0.0597)	ERR 23.635 (22.623)
Epoch: [19][100/108]	Time 0.201 (0.221)	Data 0.016 (0.021)	Loss 0.0549 (0.0598)	ERR 21.949 (22.635)
Training Error: 22.666  Loss: 0.240
Test: [0/4]	Time 0.066 (0.066)	Loss 0.0543 (0.0543)	ERR 22.375 (22.375)
 * ERR 21.892 LOSS 0.057
Epoch: [20][0/108]	Time 0.445 (0.445)	Data 0.249 (0.249)	Loss 0.0761 (0.0761)	ERR 25.935 (25.935)
Epoch: [20][10/108]	Time 0.202 (0.238)	Data 0.015 (0.042)	Loss 0.0703 (0.0603)	ERR 23.623 (22.622)
Epoch: [20][20/108]	Time 0.191 (0.227)	Data 0.013 (0.032)	Loss 0.0462 (0.0594)	ERR 20.387 (22.530)
Epoch: [20][30/108]	Time 0.197 (0.222)	Data 0.015 (0.028)	Loss 0.0937 (0.0607)	ERR 23.141 (22.552)
Epoch: [20][40/108]	Time 0.192 (0.221)	Data 0.015 (0.026)	Loss 0.0564 (0.0600)	ERR 22.224 (22.518)
Epoch: [20][50/108]	Time 0.200 (0.219)	Data 0.016 (0.025)	Loss 0.0755 (0.0603)	ERR 23.392 (22.576)
Epoch: [20][60/108]	Time 0.203 (0.218)	Data 0.015 (0.024)	Loss 0.0633 (0.0599)	ERR 21.359 (22.559)
Epoch: [20][70/108]	Time 0.198 (0.217)	Data 0.015 (0.024)	Loss 0.0538 (0.0597)	ERR 20.281 (22.513)
Epoch: [20][80/108]	Time 0.196 (0.217)	Data 0.015 (0.023)	Loss 0.0523 (0.0600)	ERR 20.901 (22.632)
Epoch: [20][90/108]	Time 0.282 (0.218)	Data 0.016 (0.023)	Loss 0.0553 (0.0601)	ERR 22.227 (22.673)
Epoch: [20][100/108]	Time 0.207 (0.218)	Data 0.015 (0.023)	Loss 0.0651 (0.0604)	ERR 22.047 (22.642)
Training Error: 22.636  Loss: 0.240
Test: [0/4]	Time 0.066 (0.066)	Loss 0.0602 (0.0602)	ERR 21.570 (21.570)
 * ERR 21.802 LOSS 0.058
Saving best parameters...
Epoch: [21][0/108]	Time 0.195 (0.195)	Data 0.037 (0.037)	Loss 0.0724 (0.0724)	ERR 23.221 (23.221)
Epoch: [21][10/108]	Time 0.345 (0.241)	Data 0.014 (0.022)	Loss 0.0514 (0.0603)	ERR 20.335 (22.828)
Epoch: [21][20/108]	Time 0.195 (0.239)	Data 0.015 (0.021)	Loss 0.0596 (0.0602)	ERR 23.376 (22.458)
Epoch: [21][30/108]	Time 0.291 (0.243)	Data 0.015 (0.020)	Loss 0.0578 (0.0615)	ERR 23.289 (22.922)
Epoch: [21][40/108]	Time 0.203 (0.237)	Data 0.014 (0.020)	Loss 0.0602 (0.0609)	ERR 22.118 (22.794)
Epoch: [21][50/108]	Time 0.326 (0.234)	Data 0.015 (0.020)	Loss 0.0665 (0.0599)	ERR 22.904 (22.647)
Epoch: [21][60/108]	Time 0.200 (0.230)	Data 0.015 (0.020)	Loss 0.0592 (0.0601)	ERR 22.935 (22.632)
Epoch: [21][70/108]	Time 0.222 (0.228)	Data 0.015 (0.020)	Loss 0.0587 (0.0600)	ERR 25.033 (22.665)
Epoch: [21][80/108]	Time 0.200 (0.226)	Data 0.016 (0.020)	Loss 0.0668 (0.0601)	ERR 22.841 (22.659)
Epoch: [21][90/108]	Time 0.203 (0.225)	Data 0.016 (0.021)	Loss 0.0566 (0.0597)	ERR 21.677 (22.636)
Epoch: [21][100/108]	Time 0.195 (0.225)	Data 0.017 (0.021)	Loss 0.0710 (0.0601)	ERR 26.868 (22.697)
Training Error: 22.687  Loss: 0.239
Test: [0/4]	Time 0.089 (0.089)	Loss 0.0572 (0.0572)	ERR 22.103 (22.103)
 * ERR 21.078 LOSS 0.055
Saving best parameters...
Epoch: [22][0/108]	Time 0.198 (0.198)	Data 0.037 (0.037)	Loss 0.0656 (0.0656)	ERR 22.104 (22.104)
Epoch: [22][10/108]	Time 0.207 (0.235)	Data 0.016 (0.022)	Loss 0.0555 (0.0608)	ERR 23.046 (22.918)
Epoch: [22][20/108]	Time 0.180 (0.223)	Data 0.015 (0.022)	Loss 0.0645 (0.0588)	ERR 25.580 (22.679)
Epoch: [22][30/108]	Time 0.273 (0.222)	Data 0.015 (0.021)	Loss 0.0571 (0.0585)	ERR 22.544 (22.515)
Epoch: [22][40/108]	Time 0.200 (0.222)	Data 0.014 (0.021)	Loss 0.0528 (0.0586)	ERR 21.510 (22.545)
Epoch: [22][50/108]	Time 0.284 (0.219)	Data 0.015 (0.021)	Loss 0.0546 (0.0593)	ERR 21.764 (22.586)
Epoch: [22][60/108]	Time 0.195 (0.217)	Data 0.016 (0.021)	Loss 0.0789 (0.0599)	ERR 26.545 (22.567)
Epoch: [22][70/108]	Time 0.192 (0.216)	Data 0.015 (0.021)	Loss 0.0538 (0.0593)	ERR 21.184 (22.491)
Epoch: [22][80/108]	Time 0.200 (0.215)	Data 0.015 (0.021)	Loss 0.0594 (0.0589)	ERR 22.578 (22.444)
Epoch: [22][90/108]	Time 0.192 (0.217)	Data 0.014 (0.021)	Loss 0.0673 (0.0591)	ERR 23.163 (22.525)
Epoch: [22][100/108]	Time 0.204 (0.216)	Data 0.015 (0.021)	Loss 0.0599 (0.0591)	ERR 22.064 (22.478)
Training Error: 22.451  Loss: 0.236
Test: [0/4]	Time 0.100 (0.100)	Loss 0.0632 (0.0632)	ERR 23.852 (23.852)
 * ERR 22.039 LOSS 0.056
Epoch: [23][0/108]	Time 0.186 (0.186)	Data 0.038 (0.038)	Loss 0.0542 (0.0542)	ERR 21.750 (21.750)
Epoch: [23][10/108]	Time 0.201 (0.235)	Data 0.016 (0.022)	Loss 0.0533 (0.0564)	ERR 21.055 (21.468)
Epoch: [23][20/108]	Time 0.209 (0.225)	Data 0.015 (0.021)	Loss 0.0563 (0.0576)	ERR 22.509 (22.123)
Epoch: [23][30/108]	Time 0.197 (0.234)	Data 0.014 (0.021)	Loss 0.0594 (0.0585)	ERR 21.709 (22.426)
Epoch: [23][40/108]	Time 0.199 (0.226)	Data 0.015 (0.021)	Loss 0.0543 (0.0588)	ERR 21.278 (22.595)
Epoch: [23][50/108]	Time 0.201 (0.222)	Data 0.018 (0.021)	Loss 0.0551 (0.0586)	ERR 25.341 (22.568)
Epoch: [23][60/108]	Time 0.209 (0.222)	Data 0.015 (0.021)	Loss 0.0490 (0.0599)	ERR 20.649 (22.553)
Epoch: [23][70/108]	Time 0.333 (0.226)	Data 0.015 (0.021)	Loss 0.0628 (0.0597)	ERR 22.098 (22.510)
Epoch: [23][80/108]	Time 0.201 (0.224)	Data 0.015 (0.020)	Loss 0.0478 (0.0595)	ERR 21.148 (22.525)
Epoch: [23][90/108]	Time 0.198 (0.224)	Data 0.015 (0.020)	Loss 0.0630 (0.0591)	ERR 21.906 (22.447)
Epoch: [23][100/108]	Time 0.210 (0.223)	Data 0.019 (0.021)	Loss 0.0529 (0.0587)	ERR 21.398 (22.346)
Training Error: 22.342  Loss: 0.235
Test: [0/4]	Time 0.067 (0.067)	Loss 0.0621 (0.0621)	ERR 22.817 (22.817)
 * ERR 21.213 LOSS 0.056
Epoch: [24][0/108]	Time 0.234 (0.234)	Data 0.035 (0.035)	Loss 0.0513 (0.0513)	ERR 21.425 (21.425)
Epoch: [24][10/108]	Time 0.209 (0.224)	Data 0.016 (0.021)	Loss 0.0557 (0.0566)	ERR 23.869 (22.387)
Epoch: [24][20/108]	Time 0.204 (0.216)	Data 0.015 (0.021)	Loss 0.0678 (0.0578)	ERR 26.017 (22.473)
Epoch: [24][30/108]	Time 0.198 (0.216)	Data 0.015 (0.021)	Loss 0.0594 (0.0580)	ERR 23.131 (22.640)
Epoch: [24][40/108]	Time 0.208 (0.213)	Data 0.016 (0.021)	Loss 0.0563 (0.0579)	ERR 23.289 (22.632)
Epoch: [24][50/108]	Time 0.219 (0.211)	Data 0.015 (0.021)	Loss 0.0605 (0.0591)	ERR 23.833 (22.669)
Epoch: [24][60/108]	Time 0.192 (0.211)	Data 0.016 (0.021)	Loss 0.0583 (0.0588)	ERR 22.315 (22.634)
Epoch: [24][70/108]	Time 0.202 (0.213)	Data 0.016 (0.021)	Loss 0.0501 (0.0587)	ERR 21.282 (22.638)
Epoch: [24][80/108]	Time 0.198 (0.213)	Data 0.015 (0.021)	Loss 0.0574 (0.0586)	ERR 23.553 (22.551)
Epoch: [24][90/108]	Time 0.188 (0.212)	Data 0.014 (0.021)	Loss 0.0495 (0.0584)	ERR 21.851 (22.461)
Epoch: [24][100/108]	Time 0.208 (0.211)	Data 0.015 (0.021)	Loss 0.0594 (0.0582)	ERR 22.813 (22.398)
Training Error: 22.373  Loss: 0.232
Test: [0/4]	Time 0.099 (0.099)	Loss 0.0507 (0.0507)	ERR 19.574 (19.574)
 * ERR 20.889 LOSS 0.056
Saving best parameters...
Epoch: [25][0/108]	Time 0.197 (0.197)	Data 0.038 (0.038)	Loss 0.0490 (0.0490)	ERR 21.371 (21.371)
Epoch: [25][10/108]	Time 0.208 (0.213)	Data 0.013 (0.022)	Loss 0.0585 (0.0590)	ERR 23.756 (22.751)
Epoch: [25][20/108]	Time 0.193 (0.213)	Data 0.016 (0.021)	Loss 0.0552 (0.0577)	ERR 21.203 (22.352)
Epoch: [25][30/108]	Time 0.195 (0.211)	Data 0.015 (0.021)	Loss 0.0542 (0.0578)	ERR 21.448 (22.434)
Epoch: [25][40/108]	Time 0.201 (0.219)	Data 0.015 (0.021)	Loss 0.0512 (0.0578)	ERR 21.956 (22.435)
Epoch: [25][50/108]	Time 0.212 (0.220)	Data 0.015 (0.021)	Loss 0.0595 (0.0581)	ERR 22.116 (22.362)
Epoch: [25][60/108]	Time 0.201 (0.220)	Data 0.015 (0.021)	Loss 0.0604 (0.0579)	ERR 21.804 (22.381)
Epoch: [25][70/108]	Time 0.202 (0.219)	Data 0.016 (0.021)	Loss 0.0451 (0.0574)	ERR 21.032 (22.360)
Epoch: [25][80/108]	Time 0.207 (0.219)	Data 0.015 (0.021)	Loss 0.0597 (0.0576)	ERR 21.849 (22.305)
Epoch: [25][90/108]	Time 0.215 (0.220)	Data 0.015 (0.021)	Loss 0.0689 (0.0577)	ERR 24.110 (22.312)
Epoch: [25][100/108]	Time 0.216 (0.221)	Data 0.015 (0.021)	Loss 0.0631 (0.0577)	ERR 23.065 (22.330)
Training Error: 22.375  Loss: 0.231
Test: [0/4]	Time 0.070 (0.070)	Loss 0.0575 (0.0575)	ERR 23.644 (23.644)
 * ERR 23.992 LOSS 0.061
Epoch: [26][0/108]	Time 0.435 (0.435)	Data 0.237 (0.237)	Loss 0.0535 (0.0535)	ERR 25.220 (25.220)
Epoch: [26][10/108]	Time 0.205 (0.244)	Data 0.015 (0.041)	Loss 0.0598 (0.0614)	ERR 21.428 (23.074)
Epoch: [26][20/108]	Time 0.231 (0.246)	Data 0.014 (0.031)	Loss 0.0452 (0.0598)	ERR 20.425 (22.736)
Epoch: [26][30/108]	Time 0.207 (0.237)	Data 0.015 (0.027)	Loss 0.0656 (0.0589)	ERR 22.539 (22.649)
Epoch: [26][40/108]	Time 0.232 (0.230)	Data 0.017 (0.026)	Loss 0.0436 (0.0571)	ERR 19.689 (22.276)
Epoch: [26][50/108]	Time 0.309 (0.231)	Data 0.013 (0.025)	Loss 0.0530 (0.0563)	ERR 22.130 (22.044)
Epoch: [26][60/108]	Time 0.214 (0.228)	Data 0.015 (0.024)	Loss 0.0664 (0.0571)	ERR 24.246 (22.223)
Epoch: [26][70/108]	Time 0.229 (0.226)	Data 0.015 (0.024)	Loss 0.0622 (0.0571)	ERR 23.198 (22.204)
Epoch: [26][80/108]	Time 0.246 (0.227)	Data 0.014 (0.023)	Loss 0.0660 (0.0572)	ERR 23.524 (22.208)
Epoch: [26][90/108]	Time 0.219 (0.227)	Data 0.015 (0.023)	Loss 0.0665 (0.0574)	ERR 23.495 (22.284)
Epoch: [26][100/108]	Time 0.202 (0.226)	Data 0.015 (0.023)	Loss 0.0564 (0.0573)	ERR 21.184 (22.209)
Training Error: 22.186  Loss: 0.229
Test: [0/4]	Time 0.082 (0.082)	Loss 0.0507 (0.0507)	ERR 21.760 (21.760)
 * ERR 21.862 LOSS 0.056
Epoch: [27][0/108]	Time 0.260 (0.260)	Data 0.054 (0.054)	Loss 0.0603 (0.0603)	ERR 22.009 (22.009)
Epoch: [27][10/108]	Time 0.201 (0.223)	Data 0.015 (0.024)	Loss 0.0495 (0.0608)	ERR 19.702 (22.906)
Epoch: [27][20/108]	Time 0.193 (0.219)	Data 0.014 (0.022)	Loss 0.0483 (0.0576)	ERR 19.960 (22.556)
Epoch: [27][30/108]	Time 0.211 (0.222)	Data 0.019 (0.022)	Loss 0.0609 (0.0572)	ERR 24.321 (22.434)
Epoch: [27][40/108]	Time 0.208 (0.224)	Data 0.020 (0.022)	Loss 0.0533 (0.0576)	ERR 22.185 (22.437)
Epoch: [27][50/108]	Time 0.191 (0.220)	Data 0.015 (0.022)	Loss 0.0553 (0.0568)	ERR 23.461 (22.295)
Epoch: [27][60/108]	Time 0.194 (0.223)	Data 0.014 (0.021)	Loss 0.0580 (0.0573)	ERR 21.651 (22.349)
Epoch: [27][70/108]	Time 0.199 (0.223)	Data 0.013 (0.021)	Loss 0.0629 (0.0572)	ERR 22.886 (22.266)
Epoch: [27][80/108]	Time 0.202 (0.224)	Data 0.016 (0.021)	Loss 0.0531 (0.0570)	ERR 21.939 (22.208)
Epoch: [27][90/108]	Time 0.210 (0.222)	Data 0.016 (0.021)	Loss 0.0696 (0.0573)	ERR 24.891 (22.246)
Epoch: [27][100/108]	Time 0.204 (0.220)	Data 0.015 (0.021)	Loss 0.0489 (0.0570)	ERR 21.453 (22.176)
Training Error: 22.202  Loss: 0.228
Test: [0/4]	Time 0.066 (0.066)	Loss 0.0515 (0.0515)	ERR 20.988 (20.988)
 * ERR 21.710 LOSS 0.053
Epoch: [28][0/108]	Time 0.187 (0.187)	Data 0.037 (0.037)	Loss 0.0500 (0.0500)	ERR 21.790 (21.790)
Epoch: [28][10/108]	Time 0.186 (0.212)	Data 0.014 (0.022)	Loss 0.0480 (0.0550)	ERR 20.183 (21.003)
Epoch: [28][20/108]	Time 0.193 (0.209)	Data 0.016 (0.021)	Loss 0.0543 (0.0542)	ERR 21.858 (21.263)
Epoch: [28][30/108]	Time 0.193 (0.215)	Data 0.015 (0.021)	Loss 0.0544 (0.0551)	ERR 23.050 (21.455)
Epoch: [28][40/108]	Time 0.232 (0.219)	Data 0.014 (0.021)	Loss 0.0535 (0.0540)	ERR 21.520 (21.388)
Epoch: [28][50/108]	Time 0.240 (0.220)	Data 0.016 (0.021)	Loss 0.0617 (0.0545)	ERR 22.941 (21.540)
Epoch: [28][60/108]	Time 0.225 (0.221)	Data 0.015 (0.021)	Loss 0.0644 (0.0556)	ERR 23.406 (21.754)
Epoch: [28][70/108]	Time 0.219 (0.225)	Data 0.014 (0.021)	Loss 0.0634 (0.0559)	ERR 23.319 (21.870)
Epoch: [28][80/108]	Time 0.231 (0.229)	Data 0.014 (0.020)	Loss 0.0617 (0.0563)	ERR 23.397 (22.008)
Epoch: [28][90/108]	Time 0.225 (0.231)	Data 0.014 (0.020)	Loss 0.0494 (0.0557)	ERR 21.257 (21.934)
Epoch: [28][100/108]	Time 0.240 (0.231)	Data 0.015 (0.020)	Loss 0.0697 (0.0561)	ERR 24.657 (21.969)
Training Error: 22.002  Loss: 0.225
Test: [0/4]	Time 0.065 (0.065)	Loss 0.0538 (0.0538)	ERR 22.882 (22.882)
 * ERR 21.233 LOSS 0.051
Epoch: [29][0/108]	Time 0.188 (0.188)	Data 0.037 (0.037)	Loss 0.0538 (0.0538)	ERR 24.134 (24.134)
Epoch: [29][10/108]	Time 0.211 (0.211)	Data 0.015 (0.023)	Loss 0.0462 (0.0534)	ERR 20.975 (22.450)
Epoch: [29][20/108]	Time 0.234 (0.211)	Data 0.017 (0.021)	Loss 0.0445 (0.0546)	ERR 20.334 (22.338)
Epoch: [29][30/108]	Time 0.212 (0.218)	Data 0.015 (0.021)	Loss 0.0514 (0.0558)	ERR 20.063 (22.179)
Epoch: [29][40/108]	Time 0.194 (0.221)	Data 0.014 (0.021)	Loss 0.0452 (0.0556)	ERR 20.470 (21.928)
Epoch: [29][50/108]	Time 0.224 (0.229)	Data 0.014 (0.021)	Loss 0.0500 (0.0557)	ERR 21.681 (22.008)
Epoch: [29][60/108]	Time 0.201 (0.228)	Data 0.015 (0.021)	Loss 0.0561 (0.0550)	ERR 24.288 (21.827)
Epoch: [29][70/108]	Time 0.195 (0.230)	Data 0.015 (0.020)	Loss 0.0496 (0.0556)	ERR 21.335 (21.932)
Epoch: [29][80/108]	Time 0.352 (0.231)	Data 0.019 (0.020)	Loss 0.0674 (0.0559)	ERR 23.004 (22.032)
Epoch: [29][90/108]	Time 0.209 (0.229)	Data 0.015 (0.020)	Loss 0.0641 (0.0561)	ERR 25.400 (22.041)
Epoch: [29][100/108]	Time 0.214 (0.228)	Data 0.014 (0.020)	Loss 0.0557 (0.0565)	ERR 23.410 (22.151)
Training Error: 22.190  Loss: 0.226
Test: [0/4]	Time 0.071 (0.071)	Loss 0.0514 (0.0514)	ERR 20.979 (20.979)
 * ERR 20.714 LOSS 0.054
Saving best parameters...
---------Evaluate Model on Test Set---------------
Test: [0/4]	Time 0.067 (0.067)	Loss 0.0433 (0.0433)	ERR 20.750 (20.750)
Test error per property: [ 0.53547573 89.9905      0.15476337  0.09412192]
Test loss per property: [0.22415288 0.22415288 0.22415288 0.22415288]
 ** ERR 22.694 LOSS 0.056
